5 -7 100.0
-1 -7 53.7736
5 -1 95.283
-1 -1 94.3396
11 -7 100.0
11 -1 95.283
5 -13 65.0943
-1 -13 41.5094
11 -13 100.0
-3 -7 41.5094
-3 -1 76.4151
-3 -13 41.5094
5 1 83.0189
-1 1 51.8868
11 1 83.0189
-3 1 34.9057
9 -7 100.0
9 -1 95.283
9 -13 100.0
9 1 83.0189
5 -11 100.0
-1 -11 41.5094
11 -11 100.0
-3 -11 41.5094
9 -11 100.0
3 -7 100.0
3 -1 95.283
3 -13 41.5094
3 1 83.0189
3 -11 66.0377
5 -5 100.0
-1 -5 100.0
11 -5 100.0
-3 -5 43.3962
9 -5 100.0
3 -5 100.0
15 -7 100.0
15 -1 95.283
15 -13 100.0
15 1 83.0189
15 -11 100.0
15 -5 100.0
5 -15 41.5094
-1 -15 41.5094
11 -15 100.0
-3 -15 41.5094
9 -15 100.0
3 -15 41.5094
15 -15 100.0
-5 -7 41.5094
-5 -1 41.5094
-5 -13 41.5094
-5 1 34.9057
-5 -11 41.5094
-5 -5 41.5094
-5 -15 41.5094
5 3 31.1321
-1 3 20.7547
11 3 31.1321
-3 3 20.7547
9 3 31.1321
3 3 31.1321
15 3 31.1321
-5 3 20.7547
7 -7 100.0
7 -1 95.283
7 -13 100.0
7 1 83.0189
7 -11 100.0
7 -5 100.0
7 -15 66.0377
7 3 31.1321
5 -9 100.0
-1 -9 41.5094
11 -9 100.0
-3 -9 41.5094
9 -9 100.0
3 -9 100.0
15 -9 100.0
-5 -9 41.5094
7 -9 100.0
1 -7 100.0
1 -1 95.283
1 -13 41.5094
1 1 83.0189
1 -11 41.5094
1 -5 100.0
1 -15 41.5094
1 3 31.1321
1 -9 62.2642
5 -3 99.0566
-1 -3 97.1698
11 -3 99.0566
-3 -3 93.3962
9 -3 99.0566
3 -3 99.0566
15 -3 99.0566
-5 -3 41.5094
7 -3 99.0566
1 -3 99.0566
13 -7 100.0
13 -1 95.283
13 -13 100.0
13 1 83.0189
13 -11 100.0
13 -5 100.0
13 -15 100.0
13 3 31.1321
13 -9 100.0
13 -3 99.0566
